<?xml version="1.0" encoding="UTF-8"?>
<!-- Generated by org.testng.reporters.JUnitXMLReporter -->
<testsuite ignored="0" hostname="DESKTOP-36TQ139" failures="0" tests="2" name="Edge - Pixel 7" time="5.289" errors="0" timestamp="2024-03-07T18:10:12 EET">
  <testcase classname="com.google.tests.N_0001_CheckLayoutOverviewProfilePageTest" name="checkLayoutOverviewProfilePage" time="0.246"/>
  <testcase classname="com.google.tests.N_0002_CheckLayoutRepositoriesProfilePageTest" name="checkLayoutRepositoriesProfilePage" time="2.418"/>
</testsuite> <!-- Edge - Pixel 7 -->
