<?xml version="1.0" encoding="UTF-8"?>
<testng-results ignored="0" total="24" passed="24" failed="0" skipped="0">
  <reporter-output>
  </reporter-output>
  <suite started-at="2024-03-07T18:09:47 EET" name="Smoke Layout Tests Run" finished-at="2024-03-07T18:10:12 EET" duration-ms="24900">
    <groups>
    </groups>
    <test started-at="2024-03-07T18:09:47 EET" name="Firefox - Pixel 7" finished-at="2024-03-07T18:10:00 EET" duration-ms="13145">
      <class name="com.google.tests.N_0001_CheckLayoutOverviewProfilePageTest">
        <test-method is-config="true" signature="setUp(java.lang.String)[pri:0, instance:com.google.tests.N_0001_CheckLayoutOverviewProfilePageTest@2bcec6a6]" started-at="2024-03-07T18:09:47 EET" name="setUp" finished-at="2024-03-07T18:09:48 EET" duration-ms="93" status="PASS">
          <params>
            <param index="0">
              <value>
                <![CDATA[firefox]]>
              </value>
            </param>
          </params>
          <reporter-output>
          </reporter-output>
        </test-method> <!-- setUp -->
        <test-method is-config="true" signature="getTestName(org.testng.ITestResult)[pri:0, instance:com.google.tests.N_0001_CheckLayoutOverviewProfilePageTest@2bcec6a6]" started-at="2024-03-07T18:09:48 EET" name="getTestName" finished-at="2024-03-07T18:09:48 EET" duration-ms="5" status="PASS">
          <params>
            <param index="0">
              <value>
                <![CDATA[[TestResult name={null} status=CREATED method=N_0001_CheckLayoutOverviewProfilePageTest.checkLayoutOverviewProfilePage()[pri:0, instance:com.google.tests.N_0001_CheckLayoutOverviewProfilePageTest@2bcec6a6] output={null}]]]>
              </value>
            </param>
          </params>
          <reporter-output>
          </reporter-output>
        </test-method> <!-- getTestName -->
        <test-method is-config="true" signature="goToPage(java.lang.Integer,java.lang.Integer)[pri:0, instance:com.google.tests.N_0001_CheckLayoutOverviewProfilePageTest@2bcec6a6]" started-at="2024-03-07T18:09:48 EET" name="goToPage" finished-at="2024-03-07T18:09:56 EET" duration-ms="7822" status="PASS">
          <params>
            <param index="0">
              <value>
                <![CDATA[412]]>
              </value>
            </param>
            <param index="1">
              <value>
                <![CDATA[915]]>
              </value>
            </param>
          </params>
          <reporter-output>
          </reporter-output>
        </test-method> <!-- goToPage -->
        <test-method signature="checkLayoutOverviewProfilePage()[pri:0, instance:com.google.tests.N_0001_CheckLayoutOverviewProfilePageTest@2bcec6a6]" started-at="2024-03-07T18:09:56 EET" name="checkLayoutOverviewProfilePage" finished-at="2024-03-07T18:09:56 EET" duration-ms="476" status="PASS">
          <reporter-output>
          </reporter-output>
        </test-method> <!-- checkLayoutOverviewProfilePage -->
      </class> <!-- com.google.tests.N_0001_CheckLayoutOverviewProfilePageTest -->
      <class name="com.google.tests.N_0002_CheckLayoutRepositoriesProfilePageTest">
        <test-method is-config="true" signature="setUp(java.lang.String)[pri:0, instance:com.google.tests.N_0002_CheckLayoutRepositoriesProfilePageTest@77a281fc]" started-at="2024-03-07T18:09:56 EET" name="setUp" finished-at="2024-03-07T18:09:56 EET" duration-ms="1" status="PASS">
          <params>
            <param index="0">
              <value>
                <![CDATA[firefox]]>
              </value>
            </param>
          </params>
          <reporter-output>
          </reporter-output>
        </test-method> <!-- setUp -->
        <test-method is-config="true" signature="getTestName(org.testng.ITestResult)[pri:0, instance:com.google.tests.N_0002_CheckLayoutRepositoriesProfilePageTest@77a281fc]" started-at="2024-03-07T18:09:56 EET" name="getTestName" finished-at="2024-03-07T18:09:56 EET" duration-ms="0" status="PASS">
          <params>
            <param index="0">
              <value>
                <![CDATA[[TestResult name={null} status=CREATED method=N_0002_CheckLayoutRepositoriesProfilePageTest.checkLayoutRepositoriesProfilePage()[pri:0, instance:com.google.tests.N_0002_CheckLayoutRepositoriesProfilePageTest@77a281fc] output={null}]]]>
              </value>
            </param>
          </params>
          <reporter-output>
          </reporter-output>
        </test-method> <!-- getTestName -->
        <test-method is-config="true" signature="goToPage(java.lang.Integer,java.lang.Integer)[pri:0, instance:com.google.tests.N_0002_CheckLayoutRepositoriesProfilePageTest@77a281fc]" started-at="2024-03-07T18:09:56 EET" name="goToPage" finished-at="2024-03-07T18:09:57 EET" duration-ms="1297" status="PASS">
          <params>
            <param index="0">
              <value>
                <![CDATA[412]]>
              </value>
            </param>
            <param index="1">
              <value>
                <![CDATA[915]]>
              </value>
            </param>
          </params>
          <reporter-output>
          </reporter-output>
        </test-method> <!-- goToPage -->
        <test-method signature="checkLayoutRepositoriesProfilePage()[pri:0, instance:com.google.tests.N_0002_CheckLayoutRepositoriesProfilePageTest@77a281fc]" started-at="2024-03-07T18:09:57 EET" name="checkLayoutRepositoriesProfilePage" finished-at="2024-03-07T18:10:00 EET" duration-ms="3054" status="PASS">
          <reporter-output>
          </reporter-output>
        </test-method> <!-- checkLayoutRepositoriesProfilePage -->
      </class> <!-- com.google.tests.N_0002_CheckLayoutRepositoriesProfilePageTest -->
    </test> <!-- Firefox - Pixel 7 -->
    <test started-at="2024-03-07T18:09:47 EET" name="Firefox - Iphone 14 Pro Max" finished-at="2024-03-07T18:10:00 EET" duration-ms="13152">
      <class name="com.google.tests.N_0001_CheckLayoutOverviewProfilePageTest">
        <test-method is-config="true" signature="setUp(java.lang.String)[pri:0, instance:com.google.tests.N_0001_CheckLayoutOverviewProfilePageTest@5f404594]" started-at="2024-03-07T18:09:47 EET" name="setUp" finished-at="2024-03-07T18:09:48 EET" duration-ms="93" status="PASS">
          <params>
            <param index="0">
              <value>
                <![CDATA[firefox]]>
              </value>
            </param>
          </params>
          <reporter-output>
          </reporter-output>
        </test-method> <!-- setUp -->
        <test-method is-config="true" signature="getTestName(org.testng.ITestResult)[pri:0, instance:com.google.tests.N_0001_CheckLayoutOverviewProfilePageTest@5f404594]" started-at="2024-03-07T18:09:48 EET" name="getTestName" finished-at="2024-03-07T18:09:48 EET" duration-ms="4" status="PASS">
          <params>
            <param index="0">
              <value>
                <![CDATA[[TestResult name={null} status=CREATED method=N_0001_CheckLayoutOverviewProfilePageTest.checkLayoutOverviewProfilePage()[pri:0, instance:com.google.tests.N_0001_CheckLayoutOverviewProfilePageTest@5f404594] output={null}]]]>
              </value>
            </param>
          </params>
          <reporter-output>
          </reporter-output>
        </test-method> <!-- getTestName -->
        <test-method is-config="true" signature="goToPage(java.lang.Integer,java.lang.Integer)[pri:0, instance:com.google.tests.N_0001_CheckLayoutOverviewProfilePageTest@5f404594]" started-at="2024-03-07T18:09:48 EET" name="goToPage" finished-at="2024-03-07T18:09:56 EET" duration-ms="7983" status="PASS">
          <params>
            <param index="0">
              <value>
                <![CDATA[430]]>
              </value>
            </param>
            <param index="1">
              <value>
                <![CDATA[932]]>
              </value>
            </param>
          </params>
          <reporter-output>
          </reporter-output>
        </test-method> <!-- goToPage -->
        <test-method signature="checkLayoutOverviewProfilePage()[pri:0, instance:com.google.tests.N_0001_CheckLayoutOverviewProfilePageTest@5f404594]" started-at="2024-03-07T18:09:56 EET" name="checkLayoutOverviewProfilePage" finished-at="2024-03-07T18:09:56 EET" duration-ms="324" status="PASS">
          <reporter-output>
          </reporter-output>
        </test-method> <!-- checkLayoutOverviewProfilePage -->
      </class> <!-- com.google.tests.N_0001_CheckLayoutOverviewProfilePageTest -->
      <class name="com.google.tests.N_0002_CheckLayoutRepositoriesProfilePageTest">
        <test-method is-config="true" signature="setUp(java.lang.String)[pri:0, instance:com.google.tests.N_0002_CheckLayoutRepositoriesProfilePageTest@878537d]" started-at="2024-03-07T18:09:56 EET" name="setUp" finished-at="2024-03-07T18:09:56 EET" duration-ms="1" status="PASS">
          <params>
            <param index="0">
              <value>
                <![CDATA[firefox]]>
              </value>
            </param>
          </params>
          <reporter-output>
          </reporter-output>
        </test-method> <!-- setUp -->
        <test-method is-config="true" signature="getTestName(org.testng.ITestResult)[pri:0, instance:com.google.tests.N_0002_CheckLayoutRepositoriesProfilePageTest@878537d]" started-at="2024-03-07T18:09:56 EET" name="getTestName" finished-at="2024-03-07T18:09:56 EET" duration-ms="0" status="PASS">
          <params>
            <param index="0">
              <value>
                <![CDATA[[TestResult name={null} status=CREATED method=N_0002_CheckLayoutRepositoriesProfilePageTest.checkLayoutRepositoriesProfilePage()[pri:0, instance:com.google.tests.N_0002_CheckLayoutRepositoriesProfilePageTest@878537d] output={null}]]]>
              </value>
            </param>
          </params>
          <reporter-output>
          </reporter-output>
        </test-method> <!-- getTestName -->
        <test-method is-config="true" signature="goToPage(java.lang.Integer,java.lang.Integer)[pri:0, instance:com.google.tests.N_0002_CheckLayoutRepositoriesProfilePageTest@878537d]" started-at="2024-03-07T18:09:56 EET" name="goToPage" finished-at="2024-03-07T18:09:58 EET" duration-ms="1727" status="PASS">
          <params>
            <param index="0">
              <value>
                <![CDATA[430]]>
              </value>
            </param>
            <param index="1">
              <value>
                <![CDATA[932]]>
              </value>
            </param>
          </params>
          <reporter-output>
          </reporter-output>
        </test-method> <!-- goToPage -->
        <test-method signature="checkLayoutRepositoriesProfilePage()[pri:0, instance:com.google.tests.N_0002_CheckLayoutRepositoriesProfilePageTest@878537d]" started-at="2024-03-07T18:09:58 EET" name="checkLayoutRepositoriesProfilePage" finished-at="2024-03-07T18:10:00 EET" duration-ms="2631" status="PASS">
          <reporter-output>
          </reporter-output>
        </test-method> <!-- checkLayoutRepositoriesProfilePage -->
      </class> <!-- com.google.tests.N_0002_CheckLayoutRepositoriesProfilePageTest -->
    </test> <!-- Firefox - Iphone 14 Pro Max -->
    <test started-at="2024-03-07T18:09:47 EET" name="Firefox - Samsung Galaxy S8+" finished-at="2024-03-07T18:10:01 EET" duration-ms="13496">
      <class name="com.google.tests.N_0001_CheckLayoutOverviewProfilePageTest">
        <test-method is-config="true" signature="setUp(java.lang.String)[pri:0, instance:com.google.tests.N_0001_CheckLayoutOverviewProfilePageTest@7aad3f7d]" started-at="2024-03-07T18:09:47 EET" name="setUp" finished-at="2024-03-07T18:09:48 EET" duration-ms="92" status="PASS">
          <params>
            <param index="0">
              <value>
                <![CDATA[firefox]]>
              </value>
            </param>
          </params>
          <reporter-output>
          </reporter-output>
        </test-method> <!-- setUp -->
        <test-method is-config="true" signature="getTestName(org.testng.ITestResult)[pri:0, instance:com.google.tests.N_0001_CheckLayoutOverviewProfilePageTest@7aad3f7d]" started-at="2024-03-07T18:09:48 EET" name="getTestName" finished-at="2024-03-07T18:09:48 EET" duration-ms="6" status="PASS">
          <params>
            <param index="0">
              <value>
                <![CDATA[[TestResult name={null} status=CREATED method=N_0001_CheckLayoutOverviewProfilePageTest.checkLayoutOverviewProfilePage()[pri:0, instance:com.google.tests.N_0001_CheckLayoutOverviewProfilePageTest@7aad3f7d] output={null}]]]>
              </value>
            </param>
          </params>
          <reporter-output>
          </reporter-output>
        </test-method> <!-- getTestName -->
        <test-method is-config="true" signature="goToPage(java.lang.Integer,java.lang.Integer)[pri:0, instance:com.google.tests.N_0001_CheckLayoutOverviewProfilePageTest@7aad3f7d]" started-at="2024-03-07T18:09:48 EET" name="goToPage" finished-at="2024-03-07T18:09:56 EET" duration-ms="8640" status="PASS">
          <params>
            <param index="0">
              <value>
                <![CDATA[360]]>
              </value>
            </param>
            <param index="1">
              <value>
                <![CDATA[740]]>
              </value>
            </param>
          </params>
          <reporter-output>
          </reporter-output>
        </test-method> <!-- goToPage -->
        <test-method signature="checkLayoutOverviewProfilePage()[pri:0, instance:com.google.tests.N_0001_CheckLayoutOverviewProfilePageTest@7aad3f7d]" started-at="2024-03-07T18:09:56 EET" name="checkLayoutOverviewProfilePage" finished-at="2024-03-07T18:09:57 EET" duration-ms="186" status="PASS">
          <reporter-output>
          </reporter-output>
        </test-method> <!-- checkLayoutOverviewProfilePage -->
      </class> <!-- com.google.tests.N_0001_CheckLayoutOverviewProfilePageTest -->
      <class name="com.google.tests.N_0002_CheckLayoutRepositoriesProfilePageTest">
        <test-method is-config="true" signature="setUp(java.lang.String)[pri:0, instance:com.google.tests.N_0002_CheckLayoutRepositoriesProfilePageTest@6f667ad1]" started-at="2024-03-07T18:09:57 EET" name="setUp" finished-at="2024-03-07T18:09:57 EET" duration-ms="1" status="PASS">
          <params>
            <param index="0">
              <value>
                <![CDATA[firefox]]>
              </value>
            </param>
          </params>
          <reporter-output>
          </reporter-output>
        </test-method> <!-- setUp -->
        <test-method is-config="true" signature="getTestName(org.testng.ITestResult)[pri:0, instance:com.google.tests.N_0002_CheckLayoutRepositoriesProfilePageTest@6f667ad1]" started-at="2024-03-07T18:09:57 EET" name="getTestName" finished-at="2024-03-07T18:09:57 EET" duration-ms="0" status="PASS">
          <params>
            <param index="0">
              <value>
                <![CDATA[[TestResult name={null} status=CREATED method=N_0002_CheckLayoutRepositoriesProfilePageTest.checkLayoutRepositoriesProfilePage()[pri:0, instance:com.google.tests.N_0002_CheckLayoutRepositoriesProfilePageTest@6f667ad1] output={null}]]]>
              </value>
            </param>
          </params>
          <reporter-output>
          </reporter-output>
        </test-method> <!-- getTestName -->
        <test-method is-config="true" signature="goToPage(java.lang.Integer,java.lang.Integer)[pri:0, instance:com.google.tests.N_0002_CheckLayoutRepositoriesProfilePageTest@6f667ad1]" started-at="2024-03-07T18:09:57 EET" name="goToPage" finished-at="2024-03-07T18:09:58 EET" duration-ms="1554" status="PASS">
          <params>
            <param index="0">
              <value>
                <![CDATA[360]]>
              </value>
            </param>
            <param index="1">
              <value>
                <![CDATA[740]]>
              </value>
            </param>
          </params>
          <reporter-output>
          </reporter-output>
        </test-method> <!-- goToPage -->
        <test-method signature="checkLayoutRepositoriesProfilePage()[pri:0, instance:com.google.tests.N_0002_CheckLayoutRepositoriesProfilePageTest@6f667ad1]" started-at="2024-03-07T18:09:58 EET" name="checkLayoutRepositoriesProfilePage" finished-at="2024-03-07T18:10:01 EET" duration-ms="2644" status="PASS">
          <reporter-output>
          </reporter-output>
        </test-method> <!-- checkLayoutRepositoriesProfilePage -->
      </class> <!-- com.google.tests.N_0002_CheckLayoutRepositoriesProfilePageTest -->
    </test> <!-- Firefox - Samsung Galaxy S8+ -->
    <test started-at="2024-03-07T18:09:47 EET" name="Firefox - Iphone 12 Pro" finished-at="2024-03-07T18:10:01 EET" duration-ms="13691">
      <class name="com.google.tests.N_0001_CheckLayoutOverviewProfilePageTest">
        <test-method is-config="true" signature="setUp(java.lang.String)[pri:0, instance:com.google.tests.N_0001_CheckLayoutOverviewProfilePageTest@5eb97ced]" started-at="2024-03-07T18:09:47 EET" name="setUp" finished-at="2024-03-07T18:09:48 EET" duration-ms="92" status="PASS">
          <params>
            <param index="0">
              <value>
                <![CDATA[firefox]]>
              </value>
            </param>
          </params>
          <reporter-output>
          </reporter-output>
        </test-method> <!-- setUp -->
        <test-method is-config="true" signature="getTestName(org.testng.ITestResult)[pri:0, instance:com.google.tests.N_0001_CheckLayoutOverviewProfilePageTest@5eb97ced]" started-at="2024-03-07T18:09:48 EET" name="getTestName" finished-at="2024-03-07T18:09:48 EET" duration-ms="5" status="PASS">
          <params>
            <param index="0">
              <value>
                <![CDATA[[TestResult name={null} status=CREATED method=N_0001_CheckLayoutOverviewProfilePageTest.checkLayoutOverviewProfilePage()[pri:0, instance:com.google.tests.N_0001_CheckLayoutOverviewProfilePageTest@5eb97ced] output={null}]]]>
              </value>
            </param>
          </params>
          <reporter-output>
          </reporter-output>
        </test-method> <!-- getTestName -->
        <test-method is-config="true" signature="goToPage(java.lang.Integer,java.lang.Integer)[pri:0, instance:com.google.tests.N_0001_CheckLayoutOverviewProfilePageTest@5eb97ced]" started-at="2024-03-07T18:09:48 EET" name="goToPage" finished-at="2024-03-07T18:09:57 EET" duration-ms="9026" status="PASS">
          <params>
            <param index="0">
              <value>
                <![CDATA[390]]>
              </value>
            </param>
            <param index="1">
              <value>
                <![CDATA[844]]>
              </value>
            </param>
          </params>
          <reporter-output>
          </reporter-output>
        </test-method> <!-- goToPage -->
        <test-method signature="checkLayoutOverviewProfilePage()[pri:0, instance:com.google.tests.N_0001_CheckLayoutOverviewProfilePageTest@5eb97ced]" started-at="2024-03-07T18:09:57 EET" name="checkLayoutOverviewProfilePage" finished-at="2024-03-07T18:09:57 EET" duration-ms="345" status="PASS">
          <reporter-output>
          </reporter-output>
        </test-method> <!-- checkLayoutOverviewProfilePage -->
      </class> <!-- com.google.tests.N_0001_CheckLayoutOverviewProfilePageTest -->
      <class name="com.google.tests.N_0002_CheckLayoutRepositoriesProfilePageTest">
        <test-method is-config="true" signature="setUp(java.lang.String)[pri:0, instance:com.google.tests.N_0002_CheckLayoutRepositoriesProfilePageTest@68ba310d]" started-at="2024-03-07T18:09:57 EET" name="setUp" finished-at="2024-03-07T18:09:57 EET" duration-ms="1" status="PASS">
          <params>
            <param index="0">
              <value>
                <![CDATA[firefox]]>
              </value>
            </param>
          </params>
          <reporter-output>
          </reporter-output>
        </test-method> <!-- setUp -->
        <test-method is-config="true" signature="getTestName(org.testng.ITestResult)[pri:0, instance:com.google.tests.N_0002_CheckLayoutRepositoriesProfilePageTest@68ba310d]" started-at="2024-03-07T18:09:57 EET" name="getTestName" finished-at="2024-03-07T18:09:57 EET" duration-ms="0" status="PASS">
          <params>
            <param index="0">
              <value>
                <![CDATA[[TestResult name={null} status=CREATED method=N_0002_CheckLayoutRepositoriesProfilePageTest.checkLayoutRepositoriesProfilePage()[pri:0, instance:com.google.tests.N_0002_CheckLayoutRepositoriesProfilePageTest@68ba310d] output={null}]]]>
              </value>
            </param>
          </params>
          <reporter-output>
          </reporter-output>
        </test-method> <!-- getTestName -->
        <test-method is-config="true" signature="goToPage(java.lang.Integer,java.lang.Integer)[pri:0, instance:com.google.tests.N_0002_CheckLayoutRepositoriesProfilePageTest@68ba310d]" started-at="2024-03-07T18:09:57 EET" name="goToPage" finished-at="2024-03-07T18:09:58 EET" duration-ms="1270" status="PASS">
          <params>
            <param index="0">
              <value>
                <![CDATA[390]]>
              </value>
            </param>
            <param index="1">
              <value>
                <![CDATA[844]]>
              </value>
            </param>
          </params>
          <reporter-output>
          </reporter-output>
        </test-method> <!-- goToPage -->
        <test-method signature="checkLayoutRepositoriesProfilePage()[pri:0, instance:com.google.tests.N_0002_CheckLayoutRepositoriesProfilePageTest@68ba310d]" started-at="2024-03-07T18:09:58 EET" name="checkLayoutRepositoriesProfilePage" finished-at="2024-03-07T18:10:01 EET" duration-ms="2566" status="PASS">
          <reporter-output>
          </reporter-output>
        </test-method> <!-- checkLayoutRepositoriesProfilePage -->
      </class> <!-- com.google.tests.N_0002_CheckLayoutRepositoriesProfilePageTest -->
    </test> <!-- Firefox - Iphone 12 Pro -->
    <test started-at="2024-03-07T18:10:01 EET" name="Chrome - Iphone 12 Pro" finished-at="2024-03-07T18:10:06 EET" duration-ms="5196">
      <class name="com.google.tests.N_0001_CheckLayoutOverviewProfilePageTest">
        <test-method is-config="true" signature="setUp(java.lang.String)[pri:0, instance:com.google.tests.N_0001_CheckLayoutOverviewProfilePageTest@27fde870]" started-at="2024-03-07T18:10:01 EET" name="setUp" finished-at="2024-03-07T18:10:01 EET" duration-ms="1" status="PASS">
          <params>
            <param index="0">
              <value>
                <![CDATA[chrome]]>
              </value>
            </param>
          </params>
          <reporter-output>
          </reporter-output>
        </test-method> <!-- setUp -->
        <test-method is-config="true" signature="getTestName(org.testng.ITestResult)[pri:0, instance:com.google.tests.N_0001_CheckLayoutOverviewProfilePageTest@27fde870]" started-at="2024-03-07T18:10:01 EET" name="getTestName" finished-at="2024-03-07T18:10:01 EET" duration-ms="1" status="PASS">
          <params>
            <param index="0">
              <value>
                <![CDATA[[TestResult name={null} status=CREATED method=N_0001_CheckLayoutOverviewProfilePageTest.checkLayoutOverviewProfilePage()[pri:0, instance:com.google.tests.N_0001_CheckLayoutOverviewProfilePageTest@27fde870] output={null}]]]>
              </value>
            </param>
          </params>
          <reporter-output>
          </reporter-output>
        </test-method> <!-- getTestName -->
        <test-method is-config="true" signature="goToPage(java.lang.Integer,java.lang.Integer)[pri:0, instance:com.google.tests.N_0001_CheckLayoutOverviewProfilePageTest@27fde870]" started-at="2024-03-07T18:10:01 EET" name="goToPage" finished-at="2024-03-07T18:10:02 EET" duration-ms="1096" status="PASS">
          <params>
            <param index="0">
              <value>
                <![CDATA[390]]>
              </value>
            </param>
            <param index="1">
              <value>
                <![CDATA[844]]>
              </value>
            </param>
          </params>
          <reporter-output>
          </reporter-output>
        </test-method> <!-- goToPage -->
        <test-method signature="checkLayoutOverviewProfilePage()[pri:0, instance:com.google.tests.N_0001_CheckLayoutOverviewProfilePageTest@27fde870]" started-at="2024-03-07T18:10:02 EET" name="checkLayoutOverviewProfilePage" finished-at="2024-03-07T18:10:02 EET" duration-ms="129" status="PASS">
          <reporter-output>
          </reporter-output>
        </test-method> <!-- checkLayoutOverviewProfilePage -->
      </class> <!-- com.google.tests.N_0001_CheckLayoutOverviewProfilePageTest -->
      <class name="com.google.tests.N_0002_CheckLayoutRepositoriesProfilePageTest">
        <test-method is-config="true" signature="setUp(java.lang.String)[pri:0, instance:com.google.tests.N_0002_CheckLayoutRepositoriesProfilePageTest@2b4c3c29]" started-at="2024-03-07T18:10:02 EET" name="setUp" finished-at="2024-03-07T18:10:02 EET" duration-ms="1" status="PASS">
          <params>
            <param index="0">
              <value>
                <![CDATA[chrome]]>
              </value>
            </param>
          </params>
          <reporter-output>
          </reporter-output>
        </test-method> <!-- setUp -->
        <test-method is-config="true" signature="getTestName(org.testng.ITestResult)[pri:0, instance:com.google.tests.N_0002_CheckLayoutRepositoriesProfilePageTest@2b4c3c29]" started-at="2024-03-07T18:10:02 EET" name="getTestName" finished-at="2024-03-07T18:10:02 EET" duration-ms="0" status="PASS">
          <params>
            <param index="0">
              <value>
                <![CDATA[[TestResult name={null} status=CREATED method=N_0002_CheckLayoutRepositoriesProfilePageTest.checkLayoutRepositoriesProfilePage()[pri:0, instance:com.google.tests.N_0002_CheckLayoutRepositoriesProfilePageTest@2b4c3c29] output={null}]]]>
              </value>
            </param>
          </params>
          <reporter-output>
          </reporter-output>
        </test-method> <!-- getTestName -->
        <test-method is-config="true" signature="goToPage(java.lang.Integer,java.lang.Integer)[pri:0, instance:com.google.tests.N_0002_CheckLayoutRepositoriesProfilePageTest@2b4c3c29]" started-at="2024-03-07T18:10:02 EET" name="goToPage" finished-at="2024-03-07T18:10:03 EET" duration-ms="1455" status="PASS">
          <params>
            <param index="0">
              <value>
                <![CDATA[390]]>
              </value>
            </param>
            <param index="1">
              <value>
                <![CDATA[844]]>
              </value>
            </param>
          </params>
          <reporter-output>
          </reporter-output>
        </test-method> <!-- goToPage -->
        <test-method signature="checkLayoutRepositoriesProfilePage()[pri:0, instance:com.google.tests.N_0002_CheckLayoutRepositoriesProfilePageTest@2b4c3c29]" started-at="2024-03-07T18:10:03 EET" name="checkLayoutRepositoriesProfilePage" finished-at="2024-03-07T18:10:06 EET" duration-ms="2495" status="PASS">
          <reporter-output>
          </reporter-output>
        </test-method> <!-- checkLayoutRepositoriesProfilePage -->
      </class> <!-- com.google.tests.N_0002_CheckLayoutRepositoriesProfilePageTest -->
    </test> <!-- Chrome - Iphone 12 Pro -->
    <test started-at="2024-03-07T18:10:01 EET" name="Chrome - Samsung Galaxy S8+" finished-at="2024-03-07T18:10:06 EET" duration-ms="5226">
      <class name="com.google.tests.N_0001_CheckLayoutOverviewProfilePageTest">
        <test-method is-config="true" signature="setUp(java.lang.String)[pri:0, instance:com.google.tests.N_0001_CheckLayoutOverviewProfilePageTest@4abf3f0]" started-at="2024-03-07T18:10:01 EET" name="setUp" finished-at="2024-03-07T18:10:01 EET" duration-ms="1" status="PASS">
          <params>
            <param index="0">
              <value>
                <![CDATA[chrome]]>
              </value>
            </param>
          </params>
          <reporter-output>
          </reporter-output>
        </test-method> <!-- setUp -->
        <test-method is-config="true" signature="getTestName(org.testng.ITestResult)[pri:0, instance:com.google.tests.N_0001_CheckLayoutOverviewProfilePageTest@4abf3f0]" started-at="2024-03-07T18:10:01 EET" name="getTestName" finished-at="2024-03-07T18:10:01 EET" duration-ms="0" status="PASS">
          <params>
            <param index="0">
              <value>
                <![CDATA[[TestResult name={null} status=CREATED method=N_0001_CheckLayoutOverviewProfilePageTest.checkLayoutOverviewProfilePage()[pri:0, instance:com.google.tests.N_0001_CheckLayoutOverviewProfilePageTest@4abf3f0] output={null}]]]>
              </value>
            </param>
          </params>
          <reporter-output>
          </reporter-output>
        </test-method> <!-- getTestName -->
        <test-method is-config="true" signature="goToPage(java.lang.Integer,java.lang.Integer)[pri:0, instance:com.google.tests.N_0001_CheckLayoutOverviewProfilePageTest@4abf3f0]" started-at="2024-03-07T18:10:01 EET" name="goToPage" finished-at="2024-03-07T18:10:02 EET" duration-ms="1175" status="PASS">
          <params>
            <param index="0">
              <value>
                <![CDATA[360]]>
              </value>
            </param>
            <param index="1">
              <value>
                <![CDATA[740]]>
              </value>
            </param>
          </params>
          <reporter-output>
          </reporter-output>
        </test-method> <!-- goToPage -->
        <test-method signature="checkLayoutOverviewProfilePage()[pri:0, instance:com.google.tests.N_0001_CheckLayoutOverviewProfilePageTest@4abf3f0]" started-at="2024-03-07T18:10:02 EET" name="checkLayoutOverviewProfilePage" finished-at="2024-03-07T18:10:02 EET" duration-ms="132" status="PASS">
          <reporter-output>
          </reporter-output>
        </test-method> <!-- checkLayoutOverviewProfilePage -->
      </class> <!-- com.google.tests.N_0001_CheckLayoutOverviewProfilePageTest -->
      <class name="com.google.tests.N_0002_CheckLayoutRepositoriesProfilePageTest">
        <test-method is-config="true" signature="setUp(java.lang.String)[pri:0, instance:com.google.tests.N_0002_CheckLayoutRepositoriesProfilePageTest@4e4c3a38]" started-at="2024-03-07T18:10:02 EET" name="setUp" finished-at="2024-03-07T18:10:02 EET" duration-ms="1" status="PASS">
          <params>
            <param index="0">
              <value>
                <![CDATA[chrome]]>
              </value>
            </param>
          </params>
          <reporter-output>
          </reporter-output>
        </test-method> <!-- setUp -->
        <test-method is-config="true" signature="getTestName(org.testng.ITestResult)[pri:0, instance:com.google.tests.N_0002_CheckLayoutRepositoriesProfilePageTest@4e4c3a38]" started-at="2024-03-07T18:10:02 EET" name="getTestName" finished-at="2024-03-07T18:10:02 EET" duration-ms="1" status="PASS">
          <params>
            <param index="0">
              <value>
                <![CDATA[[TestResult name={null} status=CREATED method=N_0002_CheckLayoutRepositoriesProfilePageTest.checkLayoutRepositoriesProfilePage()[pri:0, instance:com.google.tests.N_0002_CheckLayoutRepositoriesProfilePageTest@4e4c3a38] output={null}]]]>
              </value>
            </param>
          </params>
          <reporter-output>
          </reporter-output>
        </test-method> <!-- getTestName -->
        <test-method is-config="true" signature="goToPage(java.lang.Integer,java.lang.Integer)[pri:0, instance:com.google.tests.N_0002_CheckLayoutRepositoriesProfilePageTest@4e4c3a38]" started-at="2024-03-07T18:10:02 EET" name="goToPage" finished-at="2024-03-07T18:10:04 EET" duration-ms="1369" status="PASS">
          <params>
            <param index="0">
              <value>
                <![CDATA[360]]>
              </value>
            </param>
            <param index="1">
              <value>
                <![CDATA[740]]>
              </value>
            </param>
          </params>
          <reporter-output>
          </reporter-output>
        </test-method> <!-- goToPage -->
        <test-method signature="checkLayoutRepositoriesProfilePage()[pri:0, instance:com.google.tests.N_0002_CheckLayoutRepositoriesProfilePageTest@4e4c3a38]" started-at="2024-03-07T18:10:04 EET" name="checkLayoutRepositoriesProfilePage" finished-at="2024-03-07T18:10:06 EET" duration-ms="2525" status="PASS">
          <reporter-output>
          </reporter-output>
        </test-method> <!-- checkLayoutRepositoriesProfilePage -->
      </class> <!-- com.google.tests.N_0002_CheckLayoutRepositoriesProfilePageTest -->
    </test> <!-- Chrome - Samsung Galaxy S8+ -->
    <test started-at="2024-03-07T18:10:01 EET" name="Chrome - Iphone 14 Pro Max" finished-at="2024-03-07T18:10:06 EET" duration-ms="5924">
      <class name="com.google.tests.N_0001_CheckLayoutOverviewProfilePageTest">
        <test-method is-config="true" signature="setUp(java.lang.String)[pri:0, instance:com.google.tests.N_0001_CheckLayoutOverviewProfilePageTest@765df79d]" started-at="2024-03-07T18:10:01 EET" name="setUp" finished-at="2024-03-07T18:10:01 EET" duration-ms="1" status="PASS">
          <params>
            <param index="0">
              <value>
                <![CDATA[chrome]]>
              </value>
            </param>
          </params>
          <reporter-output>
          </reporter-output>
        </test-method> <!-- setUp -->
        <test-method is-config="true" signature="getTestName(org.testng.ITestResult)[pri:0, instance:com.google.tests.N_0001_CheckLayoutOverviewProfilePageTest@765df79d]" started-at="2024-03-07T18:10:01 EET" name="getTestName" finished-at="2024-03-07T18:10:01 EET" duration-ms="0" status="PASS">
          <params>
            <param index="0">
              <value>
                <![CDATA[[TestResult name={null} status=CREATED method=N_0001_CheckLayoutOverviewProfilePageTest.checkLayoutOverviewProfilePage()[pri:0, instance:com.google.tests.N_0001_CheckLayoutOverviewProfilePageTest@765df79d] output={null}]]]>
              </value>
            </param>
          </params>
          <reporter-output>
          </reporter-output>
        </test-method> <!-- getTestName -->
        <test-method is-config="true" signature="goToPage(java.lang.Integer,java.lang.Integer)[pri:0, instance:com.google.tests.N_0001_CheckLayoutOverviewProfilePageTest@765df79d]" started-at="2024-03-07T18:10:01 EET" name="goToPage" finished-at="2024-03-07T18:10:02 EET" duration-ms="1802" status="PASS">
          <params>
            <param index="0">
              <value>
                <![CDATA[430]]>
              </value>
            </param>
            <param index="1">
              <value>
                <![CDATA[932]]>
              </value>
            </param>
          </params>
          <reporter-output>
          </reporter-output>
        </test-method> <!-- goToPage -->
        <test-method signature="checkLayoutOverviewProfilePage()[pri:0, instance:com.google.tests.N_0001_CheckLayoutOverviewProfilePageTest@765df79d]" started-at="2024-03-07T18:10:02 EET" name="checkLayoutOverviewProfilePage" finished-at="2024-03-07T18:10:03 EET" duration-ms="205" status="PASS">
          <reporter-output>
          </reporter-output>
        </test-method> <!-- checkLayoutOverviewProfilePage -->
      </class> <!-- com.google.tests.N_0001_CheckLayoutOverviewProfilePageTest -->
      <class name="com.google.tests.N_0002_CheckLayoutRepositoriesProfilePageTest">
        <test-method is-config="true" signature="setUp(java.lang.String)[pri:0, instance:com.google.tests.N_0002_CheckLayoutRepositoriesProfilePageTest@151335cb]" started-at="2024-03-07T18:10:03 EET" name="setUp" finished-at="2024-03-07T18:10:03 EET" duration-ms="0" status="PASS">
          <params>
            <param index="0">
              <value>
                <![CDATA[chrome]]>
              </value>
            </param>
          </params>
          <reporter-output>
          </reporter-output>
        </test-method> <!-- setUp -->
        <test-method is-config="true" signature="getTestName(org.testng.ITestResult)[pri:0, instance:com.google.tests.N_0002_CheckLayoutRepositoriesProfilePageTest@151335cb]" started-at="2024-03-07T18:10:03 EET" name="getTestName" finished-at="2024-03-07T18:10:03 EET" duration-ms="1" status="PASS">
          <params>
            <param index="0">
              <value>
                <![CDATA[[TestResult name={null} status=CREATED method=N_0002_CheckLayoutRepositoriesProfilePageTest.checkLayoutRepositoriesProfilePage()[pri:0, instance:com.google.tests.N_0002_CheckLayoutRepositoriesProfilePageTest@151335cb] output={null}]]]>
              </value>
            </param>
          </params>
          <reporter-output>
          </reporter-output>
        </test-method> <!-- getTestName -->
        <test-method is-config="true" signature="goToPage(java.lang.Integer,java.lang.Integer)[pri:0, instance:com.google.tests.N_0002_CheckLayoutRepositoriesProfilePageTest@151335cb]" started-at="2024-03-07T18:10:03 EET" name="goToPage" finished-at="2024-03-07T18:10:04 EET" duration-ms="1379" status="PASS">
          <params>
            <param index="0">
              <value>
                <![CDATA[430]]>
              </value>
            </param>
            <param index="1">
              <value>
                <![CDATA[932]]>
              </value>
            </param>
          </params>
          <reporter-output>
          </reporter-output>
        </test-method> <!-- goToPage -->
        <test-method signature="checkLayoutRepositoriesProfilePage()[pri:0, instance:com.google.tests.N_0002_CheckLayoutRepositoriesProfilePageTest@151335cb]" started-at="2024-03-07T18:10:04 EET" name="checkLayoutRepositoriesProfilePage" finished-at="2024-03-07T18:10:06 EET" duration-ms="2524" status="PASS">
          <reporter-output>
          </reporter-output>
        </test-method> <!-- checkLayoutRepositoriesProfilePage -->
      </class> <!-- com.google.tests.N_0002_CheckLayoutRepositoriesProfilePageTest -->
    </test> <!-- Chrome - Iphone 14 Pro Max -->
    <test started-at="2024-03-07T18:10:01 EET" name="Chrome - Pixel 7" finished-at="2024-03-07T18:10:07 EET" duration-ms="5907">
      <class name="com.google.tests.N_0001_CheckLayoutOverviewProfilePageTest">
        <test-method is-config="true" signature="setUp(java.lang.String)[pri:0, instance:com.google.tests.N_0001_CheckLayoutOverviewProfilePageTest@57c88764]" started-at="2024-03-07T18:10:01 EET" name="setUp" finished-at="2024-03-07T18:10:01 EET" duration-ms="1" status="PASS">
          <params>
            <param index="0">
              <value>
                <![CDATA[chrome]]>
              </value>
            </param>
          </params>
          <reporter-output>
          </reporter-output>
        </test-method> <!-- setUp -->
        <test-method is-config="true" signature="getTestName(org.testng.ITestResult)[pri:0, instance:com.google.tests.N_0001_CheckLayoutOverviewProfilePageTest@57c88764]" started-at="2024-03-07T18:10:01 EET" name="getTestName" finished-at="2024-03-07T18:10:01 EET" duration-ms="1" status="PASS">
          <params>
            <param index="0">
              <value>
                <![CDATA[[TestResult name={null} status=CREATED method=N_0001_CheckLayoutOverviewProfilePageTest.checkLayoutOverviewProfilePage()[pri:0, instance:com.google.tests.N_0001_CheckLayoutOverviewProfilePageTest@57c88764] output={null}]]]>
              </value>
            </param>
          </params>
          <reporter-output>
          </reporter-output>
        </test-method> <!-- getTestName -->
        <test-method is-config="true" signature="goToPage(java.lang.Integer,java.lang.Integer)[pri:0, instance:com.google.tests.N_0001_CheckLayoutOverviewProfilePageTest@57c88764]" started-at="2024-03-07T18:10:01 EET" name="goToPage" finished-at="2024-03-07T18:10:03 EET" duration-ms="1804" status="PASS">
          <params>
            <param index="0">
              <value>
                <![CDATA[412]]>
              </value>
            </param>
            <param index="1">
              <value>
                <![CDATA[915]]>
              </value>
            </param>
          </params>
          <reporter-output>
          </reporter-output>
        </test-method> <!-- goToPage -->
        <test-method signature="checkLayoutOverviewProfilePage()[pri:0, instance:com.google.tests.N_0001_CheckLayoutOverviewProfilePageTest@57c88764]" started-at="2024-03-07T18:10:03 EET" name="checkLayoutOverviewProfilePage" finished-at="2024-03-07T18:10:03 EET" duration-ms="161" status="PASS">
          <reporter-output>
          </reporter-output>
        </test-method> <!-- checkLayoutOverviewProfilePage -->
      </class> <!-- com.google.tests.N_0001_CheckLayoutOverviewProfilePageTest -->
      <class name="com.google.tests.N_0002_CheckLayoutRepositoriesProfilePageTest">
        <test-method is-config="true" signature="setUp(java.lang.String)[pri:0, instance:com.google.tests.N_0002_CheckLayoutRepositoriesProfilePageTest@78faea5f]" started-at="2024-03-07T18:10:03 EET" name="setUp" finished-at="2024-03-07T18:10:03 EET" duration-ms="0" status="PASS">
          <params>
            <param index="0">
              <value>
                <![CDATA[chrome]]>
              </value>
            </param>
          </params>
          <reporter-output>
          </reporter-output>
        </test-method> <!-- setUp -->
        <test-method is-config="true" signature="getTestName(org.testng.ITestResult)[pri:0, instance:com.google.tests.N_0002_CheckLayoutRepositoriesProfilePageTest@78faea5f]" started-at="2024-03-07T18:10:03 EET" name="getTestName" finished-at="2024-03-07T18:10:03 EET" duration-ms="1" status="PASS">
          <params>
            <param index="0">
              <value>
                <![CDATA[[TestResult name={null} status=CREATED method=N_0002_CheckLayoutRepositoriesProfilePageTest.checkLayoutRepositoriesProfilePage()[pri:0, instance:com.google.tests.N_0002_CheckLayoutRepositoriesProfilePageTest@78faea5f] output={null}]]]>
              </value>
            </param>
          </params>
          <reporter-output>
          </reporter-output>
        </test-method> <!-- getTestName -->
        <test-method is-config="true" signature="goToPage(java.lang.Integer,java.lang.Integer)[pri:0, instance:com.google.tests.N_0002_CheckLayoutRepositoriesProfilePageTest@78faea5f]" started-at="2024-03-07T18:10:03 EET" name="goToPage" finished-at="2024-03-07T18:10:04 EET" duration-ms="1447" status="PASS">
          <params>
            <param index="0">
              <value>
                <![CDATA[412]]>
              </value>
            </param>
            <param index="1">
              <value>
                <![CDATA[915]]>
              </value>
            </param>
          </params>
          <reporter-output>
          </reporter-output>
        </test-method> <!-- goToPage -->
        <test-method signature="checkLayoutRepositoriesProfilePage()[pri:0, instance:com.google.tests.N_0002_CheckLayoutRepositoriesProfilePageTest@78faea5f]" started-at="2024-03-07T18:10:04 EET" name="checkLayoutRepositoriesProfilePage" finished-at="2024-03-07T18:10:07 EET" duration-ms="2475" status="PASS">
          <reporter-output>
          </reporter-output>
        </test-method> <!-- checkLayoutRepositoriesProfilePage -->
      </class> <!-- com.google.tests.N_0002_CheckLayoutRepositoriesProfilePageTest -->
    </test> <!-- Chrome - Pixel 7 -->
    <test started-at="2024-03-07T18:10:06 EET" name="Edge - Iphone 14 Pro Max" finished-at="2024-03-07T18:10:10 EET" duration-ms="4720">
      <class name="com.google.tests.N_0001_CheckLayoutOverviewProfilePageTest">
        <test-method is-config="true" signature="setUp(java.lang.String)[pri:0, instance:com.google.tests.N_0001_CheckLayoutOverviewProfilePageTest@1603dc2f]" started-at="2024-03-07T18:10:06 EET" name="setUp" finished-at="2024-03-07T18:10:06 EET" duration-ms="1" status="PASS">
          <params>
            <param index="0">
              <value>
                <![CDATA[edge]]>
              </value>
            </param>
          </params>
          <reporter-output>
          </reporter-output>
        </test-method> <!-- setUp -->
        <test-method is-config="true" signature="getTestName(org.testng.ITestResult)[pri:0, instance:com.google.tests.N_0001_CheckLayoutOverviewProfilePageTest@1603dc2f]" started-at="2024-03-07T18:10:06 EET" name="getTestName" finished-at="2024-03-07T18:10:06 EET" duration-ms="1" status="PASS">
          <params>
            <param index="0">
              <value>
                <![CDATA[[TestResult name={null} status=CREATED method=N_0001_CheckLayoutOverviewProfilePageTest.checkLayoutOverviewProfilePage()[pri:0, instance:com.google.tests.N_0001_CheckLayoutOverviewProfilePageTest@1603dc2f] output={null}]]]>
              </value>
            </param>
          </params>
          <reporter-output>
          </reporter-output>
        </test-method> <!-- getTestName -->
        <test-method is-config="true" signature="goToPage(java.lang.Integer,java.lang.Integer)[pri:0, instance:com.google.tests.N_0001_CheckLayoutOverviewProfilePageTest@1603dc2f]" started-at="2024-03-07T18:10:06 EET" name="goToPage" finished-at="2024-03-07T18:10:07 EET" duration-ms="978" status="PASS">
          <params>
            <param index="0">
              <value>
                <![CDATA[430]]>
              </value>
            </param>
            <param index="1">
              <value>
                <![CDATA[932]]>
              </value>
            </param>
          </params>
          <reporter-output>
          </reporter-output>
        </test-method> <!-- goToPage -->
        <test-method signature="checkLayoutOverviewProfilePage()[pri:0, instance:com.google.tests.N_0001_CheckLayoutOverviewProfilePageTest@1603dc2f]" started-at="2024-03-07T18:10:07 EET" name="checkLayoutOverviewProfilePage" finished-at="2024-03-07T18:10:07 EET" duration-ms="156" status="PASS">
          <reporter-output>
          </reporter-output>
        </test-method> <!-- checkLayoutOverviewProfilePage -->
      </class> <!-- com.google.tests.N_0001_CheckLayoutOverviewProfilePageTest -->
      <class name="com.google.tests.N_0002_CheckLayoutRepositoriesProfilePageTest">
        <test-method is-config="true" signature="setUp(java.lang.String)[pri:0, instance:com.google.tests.N_0002_CheckLayoutRepositoriesProfilePageTest@398474a2]" started-at="2024-03-07T18:10:07 EET" name="setUp" finished-at="2024-03-07T18:10:07 EET" duration-ms="1" status="PASS">
          <params>
            <param index="0">
              <value>
                <![CDATA[edge]]>
              </value>
            </param>
          </params>
          <reporter-output>
          </reporter-output>
        </test-method> <!-- setUp -->
        <test-method is-config="true" signature="getTestName(org.testng.ITestResult)[pri:0, instance:com.google.tests.N_0002_CheckLayoutRepositoriesProfilePageTest@398474a2]" started-at="2024-03-07T18:10:07 EET" name="getTestName" finished-at="2024-03-07T18:10:07 EET" duration-ms="1" status="PASS">
          <params>
            <param index="0">
              <value>
                <![CDATA[[TestResult name={null} status=CREATED method=N_0002_CheckLayoutRepositoriesProfilePageTest.checkLayoutRepositoriesProfilePage()[pri:0, instance:com.google.tests.N_0002_CheckLayoutRepositoriesProfilePageTest@398474a2] output={null}]]]>
              </value>
            </param>
          </params>
          <reporter-output>
          </reporter-output>
        </test-method> <!-- getTestName -->
        <test-method is-config="true" signature="goToPage(java.lang.Integer,java.lang.Integer)[pri:0, instance:com.google.tests.N_0002_CheckLayoutRepositoriesProfilePageTest@398474a2]" started-at="2024-03-07T18:10:07 EET" name="goToPage" finished-at="2024-03-07T18:10:08 EET" duration-ms="1100" status="PASS">
          <params>
            <param index="0">
              <value>
                <![CDATA[430]]>
              </value>
            </param>
            <param index="1">
              <value>
                <![CDATA[932]]>
              </value>
            </param>
          </params>
          <reporter-output>
          </reporter-output>
        </test-method> <!-- goToPage -->
        <test-method signature="checkLayoutRepositoriesProfilePage()[pri:0, instance:com.google.tests.N_0002_CheckLayoutRepositoriesProfilePageTest@398474a2]" started-at="2024-03-07T18:10:08 EET" name="checkLayoutRepositoriesProfilePage" finished-at="2024-03-07T18:10:10 EET" duration-ms="2466" status="PASS">
          <reporter-output>
          </reporter-output>
        </test-method> <!-- checkLayoutRepositoriesProfilePage -->
      </class> <!-- com.google.tests.N_0002_CheckLayoutRepositoriesProfilePageTest -->
    </test> <!-- Edge - Iphone 14 Pro Max -->
    <test started-at="2024-03-07T18:10:06 EET" name="Edge - Iphone 12 Pro" finished-at="2024-03-07T18:10:11 EET" duration-ms="5068">
      <class name="com.google.tests.N_0001_CheckLayoutOverviewProfilePageTest">
        <test-method is-config="true" signature="setUp(java.lang.String)[pri:0, instance:com.google.tests.N_0001_CheckLayoutOverviewProfilePageTest@70abf9b0]" started-at="2024-03-07T18:10:06 EET" name="setUp" finished-at="2024-03-07T18:10:06 EET" duration-ms="2" status="PASS">
          <params>
            <param index="0">
              <value>
                <![CDATA[edge]]>
              </value>
            </param>
          </params>
          <reporter-output>
          </reporter-output>
        </test-method> <!-- setUp -->
        <test-method is-config="true" signature="getTestName(org.testng.ITestResult)[pri:0, instance:com.google.tests.N_0001_CheckLayoutOverviewProfilePageTest@70abf9b0]" started-at="2024-03-07T18:10:06 EET" name="getTestName" finished-at="2024-03-07T18:10:06 EET" duration-ms="0" status="PASS">
          <params>
            <param index="0">
              <value>
                <![CDATA[[TestResult name={null} status=CREATED method=N_0001_CheckLayoutOverviewProfilePageTest.checkLayoutOverviewProfilePage()[pri:0, instance:com.google.tests.N_0001_CheckLayoutOverviewProfilePageTest@70abf9b0] output={null}]]]>
              </value>
            </param>
          </params>
          <reporter-output>
          </reporter-output>
        </test-method> <!-- getTestName -->
        <test-method is-config="true" signature="goToPage(java.lang.Integer,java.lang.Integer)[pri:0, instance:com.google.tests.N_0001_CheckLayoutOverviewProfilePageTest@70abf9b0]" started-at="2024-03-07T18:10:06 EET" name="goToPage" finished-at="2024-03-07T18:10:07 EET" duration-ms="1058" status="PASS">
          <params>
            <param index="0">
              <value>
                <![CDATA[390]]>
              </value>
            </param>
            <param index="1">
              <value>
                <![CDATA[844]]>
              </value>
            </param>
          </params>
          <reporter-output>
          </reporter-output>
        </test-method> <!-- goToPage -->
        <test-method signature="checkLayoutOverviewProfilePage()[pri:0, instance:com.google.tests.N_0001_CheckLayoutOverviewProfilePageTest@70abf9b0]" started-at="2024-03-07T18:10:07 EET" name="checkLayoutOverviewProfilePage" finished-at="2024-03-07T18:10:07 EET" duration-ms="148" status="PASS">
          <reporter-output>
          </reporter-output>
        </test-method> <!-- checkLayoutOverviewProfilePage -->
      </class> <!-- com.google.tests.N_0001_CheckLayoutOverviewProfilePageTest -->
      <class name="com.google.tests.N_0002_CheckLayoutRepositoriesProfilePageTest">
        <test-method is-config="true" signature="setUp(java.lang.String)[pri:0, instance:com.google.tests.N_0002_CheckLayoutRepositoriesProfilePageTest@6a10b263]" started-at="2024-03-07T18:10:07 EET" name="setUp" finished-at="2024-03-07T18:10:07 EET" duration-ms="1" status="PASS">
          <params>
            <param index="0">
              <value>
                <![CDATA[edge]]>
              </value>
            </param>
          </params>
          <reporter-output>
          </reporter-output>
        </test-method> <!-- setUp -->
        <test-method is-config="true" signature="getTestName(org.testng.ITestResult)[pri:0, instance:com.google.tests.N_0002_CheckLayoutRepositoriesProfilePageTest@6a10b263]" started-at="2024-03-07T18:10:07 EET" name="getTestName" finished-at="2024-03-07T18:10:07 EET" duration-ms="1" status="PASS">
          <params>
            <param index="0">
              <value>
                <![CDATA[[TestResult name={null} status=CREATED method=N_0002_CheckLayoutRepositoriesProfilePageTest.checkLayoutRepositoriesProfilePage()[pri:0, instance:com.google.tests.N_0002_CheckLayoutRepositoriesProfilePageTest@6a10b263] output={null}]]]>
              </value>
            </param>
          </params>
          <reporter-output>
          </reporter-output>
        </test-method> <!-- getTestName -->
        <test-method is-config="true" signature="goToPage(java.lang.Integer,java.lang.Integer)[pri:0, instance:com.google.tests.N_0002_CheckLayoutRepositoriesProfilePageTest@6a10b263]" started-at="2024-03-07T18:10:07 EET" name="goToPage" finished-at="2024-03-07T18:10:09 EET" duration-ms="1278" status="PASS">
          <params>
            <param index="0">
              <value>
                <![CDATA[390]]>
              </value>
            </param>
            <param index="1">
              <value>
                <![CDATA[844]]>
              </value>
            </param>
          </params>
          <reporter-output>
          </reporter-output>
        </test-method> <!-- goToPage -->
        <test-method signature="checkLayoutRepositoriesProfilePage()[pri:0, instance:com.google.tests.N_0002_CheckLayoutRepositoriesProfilePageTest@6a10b263]" started-at="2024-03-07T18:10:09 EET" name="checkLayoutRepositoriesProfilePage" finished-at="2024-03-07T18:10:11 EET" duration-ms="2567" status="PASS">
          <reporter-output>
          </reporter-output>
        </test-method> <!-- checkLayoutRepositoriesProfilePage -->
      </class> <!-- com.google.tests.N_0002_CheckLayoutRepositoriesProfilePageTest -->
    </test> <!-- Edge - Iphone 12 Pro -->
    <test started-at="2024-03-07T18:10:06 EET" name="Edge - Samsung Galaxy S8+" finished-at="2024-03-07T18:10:11 EET" duration-ms="5036">
      <class name="com.google.tests.N_0001_CheckLayoutOverviewProfilePageTest">
        <test-method is-config="true" signature="setUp(java.lang.String)[pri:0, instance:com.google.tests.N_0001_CheckLayoutOverviewProfilePageTest@1d12b024]" started-at="2024-03-07T18:10:06 EET" name="setUp" finished-at="2024-03-07T18:10:06 EET" duration-ms="1" status="PASS">
          <params>
            <param index="0">
              <value>
                <![CDATA[edge]]>
              </value>
            </param>
          </params>
          <reporter-output>
          </reporter-output>
        </test-method> <!-- setUp -->
        <test-method is-config="true" signature="getTestName(org.testng.ITestResult)[pri:0, instance:com.google.tests.N_0001_CheckLayoutOverviewProfilePageTest@1d12b024]" started-at="2024-03-07T18:10:06 EET" name="getTestName" finished-at="2024-03-07T18:10:06 EET" duration-ms="0" status="PASS">
          <params>
            <param index="0">
              <value>
                <![CDATA[[TestResult name={null} status=CREATED method=N_0001_CheckLayoutOverviewProfilePageTest.checkLayoutOverviewProfilePage()[pri:0, instance:com.google.tests.N_0001_CheckLayoutOverviewProfilePageTest@1d12b024] output={null}]]]>
              </value>
            </param>
          </params>
          <reporter-output>
          </reporter-output>
        </test-method> <!-- getTestName -->
        <test-method is-config="true" signature="goToPage(java.lang.Integer,java.lang.Integer)[pri:0, instance:com.google.tests.N_0001_CheckLayoutOverviewProfilePageTest@1d12b024]" started-at="2024-03-07T18:10:06 EET" name="goToPage" finished-at="2024-03-07T18:10:08 EET" duration-ms="1131" status="PASS">
          <params>
            <param index="0">
              <value>
                <![CDATA[360]]>
              </value>
            </param>
            <param index="1">
              <value>
                <![CDATA[740]]>
              </value>
            </param>
          </params>
          <reporter-output>
          </reporter-output>
        </test-method> <!-- goToPage -->
        <test-method signature="checkLayoutOverviewProfilePage()[pri:0, instance:com.google.tests.N_0001_CheckLayoutOverviewProfilePageTest@1d12b024]" started-at="2024-03-07T18:10:08 EET" name="checkLayoutOverviewProfilePage" finished-at="2024-03-07T18:10:08 EET" duration-ms="150" status="PASS">
          <reporter-output>
          </reporter-output>
        </test-method> <!-- checkLayoutOverviewProfilePage -->
      </class> <!-- com.google.tests.N_0001_CheckLayoutOverviewProfilePageTest -->
      <class name="com.google.tests.N_0002_CheckLayoutRepositoriesProfilePageTest">
        <test-method is-config="true" signature="setUp(java.lang.String)[pri:0, instance:com.google.tests.N_0002_CheckLayoutRepositoriesProfilePageTest@72fe8a4f]" started-at="2024-03-07T18:10:08 EET" name="setUp" finished-at="2024-03-07T18:10:08 EET" duration-ms="1" status="PASS">
          <params>
            <param index="0">
              <value>
                <![CDATA[edge]]>
              </value>
            </param>
          </params>
          <reporter-output>
          </reporter-output>
        </test-method> <!-- setUp -->
        <test-method is-config="true" signature="getTestName(org.testng.ITestResult)[pri:0, instance:com.google.tests.N_0002_CheckLayoutRepositoriesProfilePageTest@72fe8a4f]" started-at="2024-03-07T18:10:08 EET" name="getTestName" finished-at="2024-03-07T18:10:08 EET" duration-ms="1" status="PASS">
          <params>
            <param index="0">
              <value>
                <![CDATA[[TestResult name={null} status=CREATED method=N_0002_CheckLayoutRepositoriesProfilePageTest.checkLayoutRepositoriesProfilePage()[pri:0, instance:com.google.tests.N_0002_CheckLayoutRepositoriesProfilePageTest@72fe8a4f] output={null}]]]>
              </value>
            </param>
          </params>
          <reporter-output>
          </reporter-output>
        </test-method> <!-- getTestName -->
        <test-method is-config="true" signature="goToPage(java.lang.Integer,java.lang.Integer)[pri:0, instance:com.google.tests.N_0002_CheckLayoutRepositoriesProfilePageTest@72fe8a4f]" started-at="2024-03-07T18:10:08 EET" name="goToPage" finished-at="2024-03-07T18:10:09 EET" duration-ms="1233" status="PASS">
          <params>
            <param index="0">
              <value>
                <![CDATA[360]]>
              </value>
            </param>
            <param index="1">
              <value>
                <![CDATA[740]]>
              </value>
            </param>
          </params>
          <reporter-output>
          </reporter-output>
        </test-method> <!-- goToPage -->
        <test-method signature="checkLayoutRepositoriesProfilePage()[pri:0, instance:com.google.tests.N_0002_CheckLayoutRepositoriesProfilePageTest@72fe8a4f]" started-at="2024-03-07T18:10:09 EET" name="checkLayoutRepositoriesProfilePage" finished-at="2024-03-07T18:10:11 EET" duration-ms="2498" status="PASS">
          <reporter-output>
          </reporter-output>
        </test-method> <!-- checkLayoutRepositoriesProfilePage -->
      </class> <!-- com.google.tests.N_0002_CheckLayoutRepositoriesProfilePageTest -->
    </test> <!-- Edge - Samsung Galaxy S8+ -->
    <test started-at="2024-03-07T18:10:07 EET" name="Edge - Pixel 7" finished-at="2024-03-07T18:10:12 EET" duration-ms="5289">
      <class name="com.google.tests.N_0001_CheckLayoutOverviewProfilePageTest">
        <test-method is-config="true" signature="setUp(java.lang.String)[pri:0, instance:com.google.tests.N_0001_CheckLayoutOverviewProfilePageTest@248deced]" started-at="2024-03-07T18:10:07 EET" name="setUp" finished-at="2024-03-07T18:10:07 EET" duration-ms="1" status="PASS">
          <params>
            <param index="0">
              <value>
                <![CDATA[edge]]>
              </value>
            </param>
          </params>
          <reporter-output>
          </reporter-output>
        </test-method> <!-- setUp -->
        <test-method is-config="true" signature="getTestName(org.testng.ITestResult)[pri:0, instance:com.google.tests.N_0001_CheckLayoutOverviewProfilePageTest@248deced]" started-at="2024-03-07T18:10:07 EET" name="getTestName" finished-at="2024-03-07T18:10:07 EET" duration-ms="0" status="PASS">
          <params>
            <param index="0">
              <value>
                <![CDATA[[TestResult name={null} status=CREATED method=N_0001_CheckLayoutOverviewProfilePageTest.checkLayoutOverviewProfilePage()[pri:0, instance:com.google.tests.N_0001_CheckLayoutOverviewProfilePageTest@248deced] output={null}]]]>
              </value>
            </param>
          </params>
          <reporter-output>
          </reporter-output>
        </test-method> <!-- getTestName -->
        <test-method is-config="true" signature="goToPage(java.lang.Integer,java.lang.Integer)[pri:0, instance:com.google.tests.N_0001_CheckLayoutOverviewProfilePageTest@248deced]" started-at="2024-03-07T18:10:07 EET" name="goToPage" finished-at="2024-03-07T18:10:08 EET" duration-ms="1356" status="PASS">
          <params>
            <param index="0">
              <value>
                <![CDATA[412]]>
              </value>
            </param>
            <param index="1">
              <value>
                <![CDATA[915]]>
              </value>
            </param>
          </params>
          <reporter-output>
          </reporter-output>
        </test-method> <!-- goToPage -->
        <test-method signature="checkLayoutOverviewProfilePage()[pri:0, instance:com.google.tests.N_0001_CheckLayoutOverviewProfilePageTest@248deced]" started-at="2024-03-07T18:10:08 EET" name="checkLayoutOverviewProfilePage" finished-at="2024-03-07T18:10:09 EET" duration-ms="246" status="PASS">
          <reporter-output>
          </reporter-output>
        </test-method> <!-- checkLayoutOverviewProfilePage -->
      </class> <!-- com.google.tests.N_0001_CheckLayoutOverviewProfilePageTest -->
      <class name="com.google.tests.N_0002_CheckLayoutRepositoriesProfilePageTest">
        <test-method is-config="true" signature="setUp(java.lang.String)[pri:0, instance:com.google.tests.N_0002_CheckLayoutRepositoriesProfilePageTest@2227a6c1]" started-at="2024-03-07T18:10:09 EET" name="setUp" finished-at="2024-03-07T18:10:09 EET" duration-ms="1" status="PASS">
          <params>
            <param index="0">
              <value>
                <![CDATA[edge]]>
              </value>
            </param>
          </params>
          <reporter-output>
          </reporter-output>
        </test-method> <!-- setUp -->
        <test-method is-config="true" signature="getTestName(org.testng.ITestResult)[pri:0, instance:com.google.tests.N_0002_CheckLayoutRepositoriesProfilePageTest@2227a6c1]" started-at="2024-03-07T18:10:09 EET" name="getTestName" finished-at="2024-03-07T18:10:09 EET" duration-ms="0" status="PASS">
          <params>
            <param index="0">
              <value>
                <![CDATA[[TestResult name={null} status=CREATED method=N_0002_CheckLayoutRepositoriesProfilePageTest.checkLayoutRepositoriesProfilePage()[pri:0, instance:com.google.tests.N_0002_CheckLayoutRepositoriesProfilePageTest@2227a6c1] output={null}]]]>
              </value>
            </param>
          </params>
          <reporter-output>
          </reporter-output>
        </test-method> <!-- getTestName -->
        <test-method is-config="true" signature="goToPage(java.lang.Integer,java.lang.Integer)[pri:0, instance:com.google.tests.N_0002_CheckLayoutRepositoriesProfilePageTest@2227a6c1]" started-at="2024-03-07T18:10:09 EET" name="goToPage" finished-at="2024-03-07T18:10:10 EET" duration-ms="1248" status="PASS">
          <params>
            <param index="0">
              <value>
                <![CDATA[412]]>
              </value>
            </param>
            <param index="1">
              <value>
                <![CDATA[915]]>
              </value>
            </param>
          </params>
          <reporter-output>
          </reporter-output>
        </test-method> <!-- goToPage -->
        <test-method signature="checkLayoutRepositoriesProfilePage()[pri:0, instance:com.google.tests.N_0002_CheckLayoutRepositoriesProfilePageTest@2227a6c1]" started-at="2024-03-07T18:10:10 EET" name="checkLayoutRepositoriesProfilePage" finished-at="2024-03-07T18:10:12 EET" duration-ms="2418" status="PASS">
          <reporter-output>
          </reporter-output>
        </test-method> <!-- checkLayoutRepositoriesProfilePage -->
      </class> <!-- com.google.tests.N_0002_CheckLayoutRepositoriesProfilePageTest -->
    </test> <!-- Edge - Pixel 7 -->
  </suite> <!-- Smoke Layout Tests Run -->
</testng-results>
